Determining if the pthread_create exist failed with the following output:
Change Dir: /home/k.kucharski/Desktop/OpenGLSandbox/CMakeFiles/CMakeTmp

Run Build Command:"/usr/bin/make" "cmTC_434be/fast"
/usr/bin/make -f CMakeFiles/cmTC_434be.dir/build.make CMakeFiles/cmTC_434be.dir/build
make[1]: Entering directory '/home/k.kucharski/Desktop/OpenGLSandbox/CMakeFiles/CMakeTmp'
Building C object CMakeFiles/cmTC_434be.dir/CheckSymbolExists.c.o
/usr/bin/cc    -o CMakeFiles/cmTC_434be.dir/CheckSymbolExists.c.o   -c /home/k.kucharski/Desktop/OpenGLSandbox/CMakeFiles/CMakeTmp/CheckSymbolExists.c
Linking C executable cmTC_434be
/usr/local/bin/cmake -E cmake_link_script CMakeFiles/cmTC_434be.dir/link.txt --verbose=1
/usr/bin/cc      -rdynamic CMakeFiles/cmTC_434be.dir/CheckSymbolExists.c.o  -o cmTC_434be 
CMakeFiles/cmTC_434be.dir/CheckSymbolExists.c.o: In function `main':
CheckSymbolExists.c:(.text+0x1b): undefined reference to `pthread_create'
collect2: error: ld returned 1 exit status
CMakeFiles/cmTC_434be.dir/build.make:86: recipe for target 'cmTC_434be' failed
make[1]: *** [cmTC_434be] Error 1
make[1]: Leaving directory '/home/k.kucharski/Desktop/OpenGLSandbox/CMakeFiles/CMakeTmp'
Makefile:121: recipe for target 'cmTC_434be/fast' failed
make: *** [cmTC_434be/fast] Error 2

File /home/k.kucharski/Desktop/OpenGLSandbox/CMakeFiles/CMakeTmp/CheckSymbolExists.c:
/* */
#include <pthread.h>

int main(int argc, char** argv)
{
  (void)argv;
#ifndef pthread_create
  return ((int*)(&pthread_create))[argc];
#else
  (void)argc;
  return 0;
#endif
}

Determining if the function pthread_create exists in the pthreads failed with the following output:
Change Dir: /home/k.kucharski/Desktop/OpenGLSandbox/CMakeFiles/CMakeTmp

Run Build Command:"/usr/bin/make" "cmTC_747bc/fast"
/usr/bin/make -f CMakeFiles/cmTC_747bc.dir/build.make CMakeFiles/cmTC_747bc.dir/build
make[1]: Entering directory '/home/k.kucharski/Desktop/OpenGLSandbox/CMakeFiles/CMakeTmp'
Building C object CMakeFiles/cmTC_747bc.dir/CheckFunctionExists.c.o
/usr/bin/cc   -DCHECK_FUNCTION_EXISTS=pthread_create   -o CMakeFiles/cmTC_747bc.dir/CheckFunctionExists.c.o   -c /usr/local/share/cmake-3.13/Modules/CheckFunctionExists.c
Linking C executable cmTC_747bc
/usr/local/bin/cmake -E cmake_link_script CMakeFiles/cmTC_747bc.dir/link.txt --verbose=1
/usr/bin/cc  -DCHECK_FUNCTION_EXISTS=pthread_create    -rdynamic CMakeFiles/cmTC_747bc.dir/CheckFunctionExists.c.o  -o cmTC_747bc -lpthreads 
/usr/bin/ld: cannot find -lpthreads
collect2: error: ld returned 1 exit status
CMakeFiles/cmTC_747bc.dir/build.make:86: recipe for target 'cmTC_747bc' failed
make[1]: *** [cmTC_747bc] Error 1
make[1]: Leaving directory '/home/k.kucharski/Desktop/OpenGLSandbox/CMakeFiles/CMakeTmp'
Makefile:121: recipe for target 'cmTC_747bc/fast' failed
make: *** [cmTC_747bc/fast] Error 2


