Determining if the pthread_create exist failed with the following output:
Change Dir: /home/k.kucharski/Desktop/OpenGLSandbox/build/CMakeFiles/CMakeTmp

Run Build Command:"/usr/bin/make" "cmTC_3db40/fast"
/usr/bin/make -f CMakeFiles/cmTC_3db40.dir/build.make CMakeFiles/cmTC_3db40.dir/build
make[1]: Entering directory '/home/k.kucharski/Desktop/OpenGLSandbox/build/CMakeFiles/CMakeTmp'
Building C object CMakeFiles/cmTC_3db40.dir/CheckSymbolExists.c.o
/usr/bin/gcc-7    -o CMakeFiles/cmTC_3db40.dir/CheckSymbolExists.c.o   -c /home/k.kucharski/Desktop/OpenGLSandbox/build/CMakeFiles/CMakeTmp/CheckSymbolExists.c
Linking C executable cmTC_3db40
/usr/local/bin/cmake -E cmake_link_script CMakeFiles/cmTC_3db40.dir/link.txt --verbose=1
/usr/bin/gcc-7      -rdynamic CMakeFiles/cmTC_3db40.dir/CheckSymbolExists.c.o  -o cmTC_3db40 
CMakeFiles/cmTC_3db40.dir/CheckSymbolExists.c.o: In function `main':
CheckSymbolExists.c:(.text+0x1b): undefined reference to `pthread_create'
collect2: error: ld returned 1 exit status
CMakeFiles/cmTC_3db40.dir/build.make:86: recipe for target 'cmTC_3db40' failed
make[1]: *** [cmTC_3db40] Error 1
make[1]: Leaving directory '/home/k.kucharski/Desktop/OpenGLSandbox/build/CMakeFiles/CMakeTmp'
Makefile:121: recipe for target 'cmTC_3db40/fast' failed
make: *** [cmTC_3db40/fast] Error 2

File /home/k.kucharski/Desktop/OpenGLSandbox/build/CMakeFiles/CMakeTmp/CheckSymbolExists.c:
/* */
#include <pthread.h>

int main(int argc, char** argv)
{
  (void)argv;
#ifndef pthread_create
  return ((int*)(&pthread_create))[argc];
#else
  (void)argc;
  return 0;
#endif
}

Determining if the function pthread_create exists in the pthreads failed with the following output:
Change Dir: /home/k.kucharski/Desktop/OpenGLSandbox/build/CMakeFiles/CMakeTmp

Run Build Command:"/usr/bin/make" "cmTC_5dc55/fast"
/usr/bin/make -f CMakeFiles/cmTC_5dc55.dir/build.make CMakeFiles/cmTC_5dc55.dir/build
make[1]: Entering directory '/home/k.kucharski/Desktop/OpenGLSandbox/build/CMakeFiles/CMakeTmp'
Building C object CMakeFiles/cmTC_5dc55.dir/CheckFunctionExists.c.o
/usr/bin/gcc-7   -DCHECK_FUNCTION_EXISTS=pthread_create   -o CMakeFiles/cmTC_5dc55.dir/CheckFunctionExists.c.o   -c /usr/local/share/cmake-3.13/Modules/CheckFunctionExists.c
Linking C executable cmTC_5dc55
/usr/local/bin/cmake -E cmake_link_script CMakeFiles/cmTC_5dc55.dir/link.txt --verbose=1
/usr/bin/gcc-7  -DCHECK_FUNCTION_EXISTS=pthread_create    -rdynamic CMakeFiles/cmTC_5dc55.dir/CheckFunctionExists.c.o  -o cmTC_5dc55 -lpthreads 
/usr/bin/ld: cannot find -lpthreads
collect2: error: ld returned 1 exit status
CMakeFiles/cmTC_5dc55.dir/build.make:86: recipe for target 'cmTC_5dc55' failed
make[1]: *** [cmTC_5dc55] Error 1
make[1]: Leaving directory '/home/k.kucharski/Desktop/OpenGLSandbox/build/CMakeFiles/CMakeTmp'
Makefile:121: recipe for target 'cmTC_5dc55/fast' failed
make: *** [cmTC_5dc55/fast] Error 2


